Terminals unused in grammar

   TOK_BLOCK
   TOK_CALL
   TOK_IFELSE
   TOK_INITDECL
   TOK_POS
   TOK_NEG
   TOK_NEWARRAY
   TOK_TYPEID
   TOK_FIELD


Grammar

    0 $accept: program $end

    1 program: program token
    2        | %empty

    3 token: '('
    4      | ')'
    5      | '['
    6      | ']'
    7      | '{'
    8      | '}'
    9      | ';'
   10      | ','
   11      | '='
   12      | '+'
   13      | '-'
   14      | '*'
   15      | '/'
   16      | '%'
   17      | TOK_NOT
   18      | TOK_ROOT TOK_VOID
   19      | TOK_INT
   20      | TOK_STRING
   21      | TOK_IF
   22      | TOK_ELSE
   23      | TOK_WHILE
   24      | TOK_RETURN
   25      | TOK_STRUCT
   26      | TOK_NULL
   27      | TOK_NEW
   28      | TOK_ARRAY
   29      | TOK_ARROW
   30      | TOK_EQ
   31      | TOK_NE
   32      | TOK_LT
   33      | TOK_LE
   34      | TOK_GT
   35      | TOK_GE
   36      | TOK_IDENT
   37      | TOK_INTCON
   38      | TOK_CHARCON
   39      | TOK_STRINGCON


Terminals, with rules where they appear

$end (0) 0
'%' (37) 16
'(' (40) 3
')' (41) 4
'*' (42) 14
'+' (43) 12
',' (44) 10
'-' (45) 13
'/' (47) 15
';' (59) 9
'=' (61) 11
'[' (91) 5
']' (93) 6
'{' (123) 7
'}' (125) 8
error (256)
TOK_VOID (258) 18
TOK_INT (259) 19
TOK_STRING (260) 20
TOK_IF (261) 21
TOK_ELSE (262) 22
TOK_WHILE (263) 23
TOK_RETURN (264) 24
TOK_STRUCT (265) 25
TOK_NULL (266) 26
TOK_NEW (267) 27
TOK_ARRAY (268) 28
TOK_ARROW (269) 29
TOK_EQ (270) 30
TOK_NE (271) 31
TOK_LT (272) 32
TOK_LE (273) 33
TOK_GT (274) 34
TOK_GE (275) 35
TOK_NOT (276) 17
TOK_IDENT (277) 36
TOK_INTCON (278) 37
TOK_CHARCON (279) 38
TOK_STRINGCON (280) 39
TOK_ROOT (281) 18
TOK_BLOCK (282)
TOK_CALL (283)
TOK_IFELSE (284)
TOK_INITDECL (285)
TOK_POS (286)
TOK_NEG (287)
TOK_NEWARRAY (288)
TOK_TYPEID (289)
TOK_FIELD (290)


Nonterminals, with rules where they appear

$accept (50)
    on left: 0
program (51)
    on left: 1 2, on right: 0 1
token (52)
    on left: 3 4 5 6 7 8 9 10 11 12 13 14 15 16 17 18 19 20 21 22 23
    24 25 26 27 28 29 30 31 32 33 34 35 36 37 38 39, on right: 1


State 0

    0 $accept: . program $end

    $default  reduce using rule 2 (program)

    program  go to state 1


State 1

    0 $accept: program . $end
    1 program: program . token

    $end           shift, and go to state 2
    TOK_INT        shift, and go to state 3
    TOK_STRING     shift, and go to state 4
    TOK_IF         shift, and go to state 5
    TOK_ELSE       shift, and go to state 6
    TOK_WHILE      shift, and go to state 7
    TOK_RETURN     shift, and go to state 8
    TOK_STRUCT     shift, and go to state 9
    TOK_NULL       shift, and go to state 10
    TOK_NEW        shift, and go to state 11
    TOK_ARRAY      shift, and go to state 12
    TOK_ARROW      shift, and go to state 13
    TOK_EQ         shift, and go to state 14
    TOK_NE         shift, and go to state 15
    TOK_LT         shift, and go to state 16
    TOK_LE         shift, and go to state 17
    TOK_GT         shift, and go to state 18
    TOK_GE         shift, and go to state 19
    TOK_NOT        shift, and go to state 20
    TOK_IDENT      shift, and go to state 21
    TOK_INTCON     shift, and go to state 22
    TOK_CHARCON    shift, and go to state 23
    TOK_STRINGCON  shift, and go to state 24
    TOK_ROOT       shift, and go to state 25
    '('            shift, and go to state 26
    ')'            shift, and go to state 27
    '['            shift, and go to state 28
    ']'            shift, and go to state 29
    '{'            shift, and go to state 30
    '}'            shift, and go to state 31
    ';'            shift, and go to state 32
    ','            shift, and go to state 33
    '='            shift, and go to state 34
    '+'            shift, and go to state 35
    '-'            shift, and go to state 36
    '*'            shift, and go to state 37
    '/'            shift, and go to state 38
    '%'            shift, and go to state 39

    token  go to state 40


State 2

    0 $accept: program $end .

    $default  accept


State 3

   19 token: TOK_INT .

    $default  reduce using rule 19 (token)


State 4

   20 token: TOK_STRING .

    $default  reduce using rule 20 (token)


State 5

   21 token: TOK_IF .

    $default  reduce using rule 21 (token)


State 6

   22 token: TOK_ELSE .

    $default  reduce using rule 22 (token)


State 7

   23 token: TOK_WHILE .

    $default  reduce using rule 23 (token)


State 8

   24 token: TOK_RETURN .

    $default  reduce using rule 24 (token)


State 9

   25 token: TOK_STRUCT .

    $default  reduce using rule 25 (token)


State 10

   26 token: TOK_NULL .

    $default  reduce using rule 26 (token)


State 11

   27 token: TOK_NEW .

    $default  reduce using rule 27 (token)


State 12

   28 token: TOK_ARRAY .

    $default  reduce using rule 28 (token)


State 13

   29 token: TOK_ARROW .

    $default  reduce using rule 29 (token)


State 14

   30 token: TOK_EQ .

    $default  reduce using rule 30 (token)


State 15

   31 token: TOK_NE .

    $default  reduce using rule 31 (token)


State 16

   32 token: TOK_LT .

    $default  reduce using rule 32 (token)


State 17

   33 token: TOK_LE .

    $default  reduce using rule 33 (token)


State 18

   34 token: TOK_GT .

    $default  reduce using rule 34 (token)


State 19

   35 token: TOK_GE .

    $default  reduce using rule 35 (token)


State 20

   17 token: TOK_NOT .

    $default  reduce using rule 17 (token)


State 21

   36 token: TOK_IDENT .

    $default  reduce using rule 36 (token)


State 22

   37 token: TOK_INTCON .

    $default  reduce using rule 37 (token)


State 23

   38 token: TOK_CHARCON .

    $default  reduce using rule 38 (token)


State 24

   39 token: TOK_STRINGCON .

    $default  reduce using rule 39 (token)


State 25

   18 token: TOK_ROOT . TOK_VOID

    TOK_VOID  shift, and go to state 41


State 26

    3 token: '(' .

    $default  reduce using rule 3 (token)


State 27

    4 token: ')' .

    $default  reduce using rule 4 (token)


State 28

    5 token: '[' .

    $default  reduce using rule 5 (token)


State 29

    6 token: ']' .

    $default  reduce using rule 6 (token)


State 30

    7 token: '{' .

    $default  reduce using rule 7 (token)


State 31

    8 token: '}' .

    $default  reduce using rule 8 (token)


State 32

    9 token: ';' .

    $default  reduce using rule 9 (token)


State 33

   10 token: ',' .

    $default  reduce using rule 10 (token)


State 34

   11 token: '=' .

    $default  reduce using rule 11 (token)


State 35

   12 token: '+' .

    $default  reduce using rule 12 (token)


State 36

   13 token: '-' .

    $default  reduce using rule 13 (token)


State 37

   14 token: '*' .

    $default  reduce using rule 14 (token)


State 38

   15 token: '/' .

    $default  reduce using rule 15 (token)


State 39

   16 token: '%' .

    $default  reduce using rule 16 (token)


State 40

    1 program: program token .

    $default  reduce using rule 1 (program)


State 41

   18 token: TOK_ROOT TOK_VOID .

    $default  reduce using rule 18 (token)
