2,31c2,29
< | FUNCTION "" 5.142.1
< | | TYPE_ID "" 5.142.1
< | | | INT "int" 5.142.1
< | | | IDENT "fac" 5.142.5
< | | PARAM "(" 5.142.9
< | | | TYPE_ID "" 5.142.10
< | | | | INT "int" 5.142.10
< | | | | IDENT "i" 5.142.14
< | | BLOCK "{" 5.142.17
< | | | TYPE_ID "" 5.143.3
< | | | | INT "int" 5.143.3
< | | | | IDENT "n" 5.143.7
< | | | | INTCON "1" 5.143.11
< | | | WHILE "while" 5.144.3
< | | | | GT ">" 5.144.12
< | | | | | IDENT "i" 5.144.10
< | | | | | INTCON "1" 5.144.14
< | | | | BLOCK "{" 5.144.17
< | | | | | '=' "=" 5.145.8
< | | | | | | IDENT "n" 5.145.6
< | | | | | | '*' "*" 5.145.11
< | | | | | | | IDENT "n" 5.145.10
< | | | | | | | IDENT "i" 5.145.12
< | | | | | '=' "=" 5.146.7
< | | | | | | IDENT "i" 5.146.6
< | | | | | | '-' "-" 5.146.9
< | | | | | | | IDENT "i" 5.146.8
< | | | | | | | INTCON "1" 5.146.10
< | | | RETURN "return" 5.148.3
< | | | | IDENT "n" 5.148.10
---
> | '=' "=" 5.151.11
> | | INDEX "[" 5.151.7
> | | | IDENT "douzou" 5.151.1
> | | | INTCON "5" 5.151.8
> | | INTCON "5" 5.151.13
> | WHILE "while" 5.153.1
> | | NE "!=" 5.153.10
> | | | IDENT "n" 5.153.8
> | | | INTCON "1" 5.153.13
> | | BLOCK "{" 5.153.17
> | | | IF "if" 5.154.3
> | | | | EQ "==" 5.154.11
> | | | | | '%' "%" 5.154.8
> | | | | | | IDENT "n" 5.154.7
> | | | | | | INTCON "2" 5.154.9
> | | | | | INTCON "0" 5.154.14
> | | | | '=' "=" 5.154.19
> | | | | | IDENT "n" 5.154.17
> | | | | | '/' "/" 5.154.22
> | | | | | | IDENT "n" 5.154.21
> | | | | | | INTCON "2" 5.154.23
> | | | | '=' "=" 5.155.9
> | | | | | IDENT "n" 5.155.8
> | | | | | '+' "+" 5.155.15
> | | | | | | '*' "*" 5.155.12
> | | | | | | | IDENT "n" 5.155.11
> | | | | | | | INTCON "3" 5.155.13
> | | | | | | INTCON "1" 5.155.17
