96-unterminated.oc:6:15: warning: missing terminating " character [enabled by default]
    string s = "abc;
               ^
96-unterminated.oc:7:13: warning: missing terminating ' character [enabled by default]
    char c = 'a;
             ^
96-unterminated.oc:8:8: warning: missing terminating " character [enabled by default]
    s = "abcd\";
        ^
96-unterminated.oc:9:8: warning: missing terminating " character [enabled by default]
    s = "abc|\
        ^
¨»ï:5.15: invalid token ("\*/")
¨»ï:5.20: syntax error, unexpected ';'
¨»ï:6.15: invalid token ("abc;)
¨»ï:7.9: syntax error, unexpected TOK_IDENT
¨»ï:7.13: invalid token ('a;)
¨»ï:8.8: invalid token ("abcd\";)
¨»ï:9.8: invalid token ("abc|   ;)
¨»ï:11.8: invalid token (23foobar)
