Done processing astree.cpp
Done processing astree.h
Done processing auxlib.cpp
Done processing auxlib.h
Done processing lyutils.cpp
Done processing lyutils.h
Done processing main.cpp
Done processing string_set.cpp
Done processing string_set.h
symbol_table.cpp:415:  Lines should be <= 72 characters long  [whitespace/line_length] [2]
symbol_table.cpp:416:  Lines should be <= 72 characters long  [whitespace/line_length] [2]
symbol_table.cpp:417:  Lines should be <= 72 characters long  [whitespace/line_length] [2]
symbol_table.cpp:418:  Lines should be <= 72 characters long  [whitespace/line_length] [2]
symbol_table.cpp:419:  Lines should be <= 72 characters long  [whitespace/line_length] [2]
symbol_table.cpp:441:  Tab found; better to use spaces  [whitespace/tab] [1]
symbol_table.cpp:441:  Lines should be <= 72 characters long  [whitespace/line_length] [2]
symbol_table.cpp:442:  Tab found; better to use spaces  [whitespace/tab] [1]
symbol_table.cpp:444:  Tab found; better to use spaces  [whitespace/tab] [1]
symbol_table.cpp:457:  Tab found; better to use spaces  [whitespace/tab] [1]
symbol_table.cpp:458:  Tab found; better to use spaces  [whitespace/tab] [1]
symbol_table.cpp:459:  Tab found; better to use spaces  [whitespace/tab] [1]
symbol_table.cpp:460:  Tab found; better to use spaces  [whitespace/tab] [1]
symbol_table.cpp:465:  Tab found; better to use spaces  [whitespace/tab] [1]
symbol_table.cpp:465:  Lines should be <= 72 characters long  [whitespace/line_length] [2]
symbol_table.cpp:467:  Tab found; better to use spaces  [whitespace/tab] [1]
symbol_table.cpp:469:  Tab found; better to use spaces  [whitespace/tab] [1]
symbol_table.cpp:599:  Tab found; better to use spaces  [whitespace/tab] [1]
symbol_table.cpp:622:  Lines should be <= 72 characters long  [whitespace/line_length] [2]
symbol_table.cpp:676:  Lines should be <= 72 characters long  [whitespace/line_length] [2]
symbol_table.cpp:751:  Lines should very rarely be longer than 90 characters  [whitespace/line_length] [4]
symbol_table.cpp:949:  Lines should very rarely be longer than 90 characters  [whitespace/line_length] [4]
symbol_table.cpp:950:  Lines should very rarely be longer than 90 characters  [whitespace/line_length] [4]
symbol_table.cpp:951:  Lines should very rarely be longer than 90 characters  [whitespace/line_length] [4]
symbol_table.cpp:952:  Lines should very rarely be longer than 90 characters  [whitespace/line_length] [4]
symbol_table.cpp:953:  Lines should very rarely be longer than 90 characters  [whitespace/line_length] [4]
symbol_table.cpp:989:  Lines should very rarely be longer than 90 characters  [whitespace/line_length] [4]
symbol_table.cpp:990:  Lines should very rarely be longer than 90 characters  [whitespace/line_length] [4]
symbol_table.cpp:991:  Lines should very rarely be longer than 90 characters  [whitespace/line_length] [4]
symbol_table.cpp:992:  Lines should very rarely be longer than 90 characters  [whitespace/line_length] [4]
symbol_table.cpp:1011:  Lines should be <= 72 characters long  [whitespace/line_length] [2]
symbol_table.cpp:1166:  Lines should be <= 72 characters long  [whitespace/line_length] [2]
symbol_table.cpp:1168:  Lines should be <= 72 characters long  [whitespace/line_length] [2]
Done processing symbol_table.cpp
Total errors found: 33
Done processing symbol_table.h
